[debug] [2023-05-11T21:39:06.964Z] ----------------------------------------------------------------------
[debug] [2023-05-11T21:39:06.965Z] Command:       /usr/local/bin/node /usr/local/bin/firebase deploy
[debug] [2023-05-11T21:39:06.965Z] CLI Version:   12.0.0
[debug] [2023-05-11T21:39:06.965Z] Platform:      linux
[debug] [2023-05-11T21:39:06.966Z] Node Version:  v18.15.0
[debug] [2023-05-11T21:39:06.966Z] Time:          Thu May 11 2023 15:39:06 GMT-0600 (hora estándar central)
[debug] [2023-05-11T21:39:06.966Z] ----------------------------------------------------------------------
[debug] 
[debug] [2023-05-11T21:39:07.012Z] > command requires scopes: ["email","openid","https://www.googleapis.com/auth/cloudplatformprojects.readonly","https://www.googleapis.com/auth/firebase","https://www.googleapis.com/auth/cloud-platform"]
[debug] [2023-05-11T21:39:07.013Z] > authorizing via signed-in user (luisfaustinomarcos@gmail.com)
[debug] [2023-05-11T21:39:07.013Z] [iam] checking project webappthebetters for permissions ["firebase.projects.get","firebasehosting.sites.update"]
[debug] [2023-05-11T21:39:07.014Z] > refreshing access token with scopes: []
[debug] [2023-05-11T21:39:07.015Z] >>> [apiv2][query] POST https://www.googleapis.com/oauth2/v3/token [none]
[debug] [2023-05-11T21:39:07.015Z] >>> [apiv2][body] POST https://www.googleapis.com/oauth2/v3/token [omitted]
[debug] [2023-05-11T21:39:07.172Z] <<< [apiv2][status] POST https://www.googleapis.com/oauth2/v3/token 200
[debug] [2023-05-11T21:39:07.172Z] <<< [apiv2][body] POST https://www.googleapis.com/oauth2/v3/token [omitted]
[debug] [2023-05-11T21:39:07.183Z] >>> [apiv2][query] POST https://cloudresourcemanager.googleapis.com/v1/projects/webappthebetters:testIamPermissions [none]
[debug] [2023-05-11T21:39:07.183Z] >>> [apiv2][(partial)header] POST https://cloudresourcemanager.googleapis.com/v1/projects/webappthebetters:testIamPermissions x-goog-quota-user=projects/webappthebetters
[debug] [2023-05-11T21:39:07.183Z] >>> [apiv2][body] POST https://cloudresourcemanager.googleapis.com/v1/projects/webappthebetters:testIamPermissions {"permissions":["firebase.projects.get","firebasehosting.sites.update"]}
[debug] [2023-05-11T21:39:27.474Z] <<< [apiv2][status] POST https://cloudresourcemanager.googleapis.com/v1/projects/webappthebetters:testIamPermissions 200
[debug] [2023-05-11T21:39:27.475Z] <<< [apiv2][body] POST https://cloudresourcemanager.googleapis.com/v1/projects/webappthebetters:testIamPermissions {"permissions":["firebase.projects.get","firebasehosting.sites.update"]}
[debug] [2023-05-11T21:39:27.477Z] >>> [apiv2][query] GET https://firebase.googleapis.com/v1beta1/projects/webappthebetters [none]
[debug] [2023-05-11T21:39:37.717Z] <<< [apiv2][status] GET https://firebase.googleapis.com/v1beta1/projects/webappthebetters 200
[debug] [2023-05-11T21:39:37.717Z] <<< [apiv2][body] GET https://firebase.googleapis.com/v1beta1/projects/webappthebetters {"projectId":"webappthebetters","projectNumber":"1027843654265","displayName":"WebAppTheBetters","name":"projects/webappthebetters","resources":{"hostingSite":"webappthebetters"},"state":"ACTIVE","etag":"1_30118020-01c1-4602-bbcd-353f82c183bb"}
[info] 
[info] === Deploying to 'webappthebetters'...
[info] 
[info] i  deploying hosting 
[debug] [2023-05-11T21:39:37.722Z] >>> [apiv2][query] POST https://firebasehosting.googleapis.com/v1beta1/projects/-/sites/webappthebetters/versions [none]
[debug] [2023-05-11T21:39:37.722Z] >>> [apiv2][body] POST https://firebasehosting.googleapis.com/v1beta1/projects/-/sites/webappthebetters/versions {"status":"CREATED","labels":{"deployment-tool":"cli-firebase"}}
[debug] [2023-05-11T21:40:03.308Z] <<< [apiv2][status] POST https://firebasehosting.googleapis.com/v1beta1/projects/-/sites/webappthebetters/versions 200
[debug] [2023-05-11T21:40:03.308Z] <<< [apiv2][body] POST https://firebasehosting.googleapis.com/v1beta1/projects/-/sites/webappthebetters/versions {"name":"projects/1027843654265/sites/webappthebetters/versions/cf80e89493f9afab","status":"CREATED","config":{},"labels":{"deployment-tool":"cli-firebase"}}
[info] i  hosting[webappthebetters]: beginning deploy... 
[info] i  hosting[webappthebetters]: found 69 files in dist/webapp-the-betters 
[debug] [2023-05-11T21:40:03.333Z] [hosting] uploading with 200 concurrency
[debug] [2023-05-11T21:40:03.716Z] [hosting] hash cache [ZGlzdC93ZWJhcHAtdGhlLWJldHRlcnM] stored for 69 files
[debug] [2023-05-11T21:40:03.716Z] [hosting][hash queue][FINAL] {"max":370,"min":23,"avg":59.3768115942029,"active":0,"complete":69,"success":69,"errored":0,"retried":0,"total":69,"elapsed":374}
[debug] [2023-05-11T21:40:03.716Z] >>> [apiv2][query] POST https://firebasehosting.googleapis.com/v1beta1/projects/1027843654265/sites/webappthebetters/versions/cf80e89493f9afab:populateFiles [none]
[debug] [2023-05-11T21:40:03.716Z] >>> [apiv2][body] POST https://firebasehosting.googleapis.com/v1beta1/projects/1027843654265/sites/webappthebetters/versions/cf80e89493f9afab:populateFiles {"files":{"/3rdpartylicenses.txt":"946e964c8b4f00a281b284913d29187e86828eb2646309ab9b22e873f4727ef2","/fa-v4compatibility.92dce52f885fd838.ttf":"9cf0a72383ee473e5eca3a8149324f513f4d3b014e08a6747f3682b63fb1a8de","/favicon.ico":"5ba04cf43d3c8c026bd5edd43046db96acb28b5686d99ea7d7e148feabfffc8f","/index.html":"c50b3b85d38421f32e6188811d705ffacfb983bc989b64d932629d2a12cf203c","/fa-v4compatibility.6209cf0172d95b0e.woff2":"341b7f0b949d251365230b6ea6ac5d3bbc1e658ad2ae0e0039f267a4b90d8f36","/runtime.745777ef9cb506b3.js":"3acb637747cb9ebf83582e396c08fbff4457754f7766e8ff45268413beee61f4","/polyfills.e58d8db8df523613.js":"175c788fc4552b11f9b24b9fe4fce92b4e4c43b13c9bd1caff757fb0d8bd7b88","/x.39f40ec10c8e67e0.svg":"e4371c4045bba8177a9573114ee5087d74cedbc0bb03c151f94dd8d0c02f3c4e","/assets/CSS/amaran/amaran.css":"c203c30c8522095de02439e37a573369160ca811d01da9abe1133626d31a321a","/assets/CSS/amaran/animate.css":"eb6bb1e6968070b28e0a5947e55c2892f97568e88e4bbd415f84bc633f866538","/assets/JS/Global.js":"cdf8503435587bb27f6072a5d52e2d0fbf5e5c8ffaea67fd8d233bf038a8dbd0","/assets/JS/amaran/acciones.js":"fac032caeabfbfa0d6bcb38898664d68e8addfed3c8b56468f5b1a710a3582de","/assets/JS/amaran/amaran.js":"34d43f7b506b3c7858c497a86ae3d4ffe0e0fa457fa0cfa3b0fcadeb2155d114","/assets/icons/flaticon/flaticon.css":"39dc5dc82d63aae125d748f23d520426091832cc7d3b107fd26b03a20dbb8cb0","/assets/icons/flaticon/_flaticon.scss":"b777f94900cf58c99fe8b1f6b5ffb2cc3be31b36cbfe80fb86afa6084708d449","/assets/icons/font-awesome-old/css/font-awesome.min.css":"1eefc487d46f2a6759568660368892fd60c7be0434236380e6ab1c058bb85d27","/assets/icons/iconos/Calendar.svg":"a71e067f92e8e5b5c0d7bde6fbf59279364c210a60be00ddf4f68b07896d5c8c","/assets/icons/iconos/admiracion.svg":"d181e420031918119a2ffe33207eeef6de5bf3a78b9d936ed7f9c3af171052f5","/assets/icons/iconos/Profile.svg":"f89d366619181a045134dd465350209b2d461ced5ca43f71c1269f5006c3d6ff","/assets/icons/iconos/arrow-2.svg":"b3c7741595ab9dccf10f1bece1798ed9bf5e63c4a69df6fd5787e82508a5f359","/assets/icons/iconos/back.svg":"43880f9bacc2a79e467904c7debcee17dfaecbf0e47faa469921b217fb47a4fa","/assets/icons/iconos/check-error.svg":"100f9e8e67368fe243d5dae584d91e833a2252df8fe156ec7797fd7657be6f41","/fa-regular-400.02ad4ff91ef84f65.woff2":"43982b000f97aad4d5bdd6e68e76ee7d313ba3835ca4d5d75f33bc81e706a65f","/fa-regular-400.570a165b064c1468.ttf":"70477cfd39603d059d0b456a6a55ce0e0cb06d0b5574394baa67481afb7580b3","/assets/CSS/icofont/icofont.min.css":"f8484a57845048ed2d5f97bcd784117ffa3f1f1c3988d7c0199b661ae038938c","/assets/CSS/icofont/icofont.css":"66a75bef1e1a6f6e130bbb9912b6a995a3b9a571d8e0b8886d5924b35c8d1046","/assets/icons/flaticon/flaticon.html":"0ce3319406f9f1f79ba773d609f9d41b4902dc31c32022a197fc372a57f5b438","/assets/icons/flaticon/Flaticon.woff":"e63f1064a149a6de85518f935f7e4e04da9587d1d58094f135e4321141a5424e","/assets/icons/iconos/check-mark.png":"98ac84f8c44da6d5028336ce1c38fed249c9a359375604f8eba37ca0c5f1028a","/assets/icons/iconos/circuloInfo.svg":"6e034d95a2fb8874eaab622849b43821b9738baa77c5819762ca22eca24249e6","/assets/icons/iconos/check.svg":"a28ad5849eaebb9efbfc10d945b69b19761e36f01b66c196647faa4f00ed8d55","/assets/icons/iconos/credit-card.png":"5149d906d75ac510e39fce3d339584e1839c592515e2a3956b56c3411fb9b306","/assets/icons/iconos/lock.svg":"433d7f26da9db54da3c12fa725f00bb1839e0464f6d41fa8915e3b45e94cf7f0","/assets/icons/iconos/phones.svg":"e86265de4dbd7dc9f976ece8bf7cf9ee675f7a833e3751c3debc5680c5703cb9","/assets/icons/iconos/plus.svg":"cf4abcc2113d4075c58e97b5c6cd4564444a533790229cf5d63014b5141cce2f","/assets/icons/iconos/error.svg":"05546494606694e8b5bb9db67a8a41ffcbcdb33e8890d8fd0f61fa9c02d95b09","/assets/icons/iconos/quest.svg":"d666a9f107c54c9159d7031ef2e2e915132957c804f6cfa6740e4c0bffc7e59b","/assets/icons/iconos/finish.svg":"a768b297b5b44912d9ca7c204ede5674a7d94ff971cd953d0018a7854e7a9747","/assets/icons/iconos/select.svg":"258f66a55da803d016d827fc76348e0b76ce4ec1b898fa449da71fe5ec24419f","/assets/icons/iconos/sheild-solid.svg":"dc0b954985944b2441e3c0ca5ad8cfa97b9084fb04f905c2364e9fcd71c74795","/assets/icons/iconos/sheild.svg":"90237d8386907510eadf7cfca61ecd3a103978627a0c699babba1f5549a92ee3","/assets/icons/iconos/signo.png":"da8bd048b3370e7486bdaf8e193e3f3109bd6f3565a99675e54c67e3b11e6d65","/assets/icons/iconos/x.svg":"e4371c4045bba8177a9573114ee5087d74cedbc0bb03c151f94dd8d0c02f3c4e","/assets/icons/flaticon/Flaticon.eot":"97e23e9e9e39fdf2a650422ddd4fc39638463211d7443e81f239dd6aa72922ff","/assets/img/adept-technology.svg":"ad36bb049041b898ee48a9baf045e9f95b8ceaa4a0e3dfdc0bca068c49468939","/assets/img/icon-logo.png":"7c9bfe123aa48a84736b6fe516d589b3f6283e6f4ab67402323ae6fe77959739","/assets/icons/flaticon/Flaticon.ttf":"5b2a820baeb009d131f2273d4c145a59843863db171cea3993f10fad3c7d3126","/assets/img/ICON-LOGO-BETTER.png":"cbfad11b7f35324518f3546af20fb55223a614469397bd062c942155b50368eb","/assets/icons/font-awesome-old/fonts/fontawesome-webfont3e6e.woff2":"75408058f6c8f9bfcc2e90568ed90df3f6fb09b3c3ee1a8303a4afd3ac0bc921","/assets/CSS/icofont/demo.html":"5f5c65cb8436e02f2c7ab7f2a104ff8a444367f1e22078a309c3f8f7d9a30812","/assets/icons/font-awesome-old/fonts/fontawesome-webfont3e6e.woff":"4eef8bd2ec905087d7b4ac221dfd85d36d8c1f05d8de2915ecf4351dde4b701e","/fa-brands-400.9210030c21e68a90.woff2":"6d56682ec75632f55f2808d57a32a80367bf75941707bdd5dd9c1c9f81ce3aed","/styles.f360b76fb1af7dc0.css":"8af3146a552bc312dd731a69722ffc90870430d48d9f2e8e931e1e545337cbba","/assets/icons/font-awesome-old/fonts/fontawesome-webfont3e6e.eot":"57bf392fce6fab9ad8d0c1c3a92fdcdf61bda7959c467ebdbf9d3b4dcd9b8080","/assets/icons/font-awesome-old/fonts/fontawesome-webfont3e6e.ttf":"64aa5f058bdf4b13431435cc4e8efb81c8ffd4db066748fd0cc824a57fba74de","/assets/icons/font-awesome-old/fonts/fontawesome-webfontd41d.eot":"57bf392fce6fab9ad8d0c1c3a92fdcdf61bda7959c467ebdbf9d3b4dcd9b8080","/scripts.f9a51fd7e0923126.js":"1f15c64f34ce0c9046e08aaf12b1299f05a9d8d776fdd4065dcc3e178f574dcf","/fa-brands-400.5f7c5bb77eae788b.ttf":"803fcce55717d1b3c461ebaef43b91d55352586de33d724e4ee1145bc99db9e8","/main.78e50059034fc0fb.js":"63cefef959997156fb959753a0d8437449b801c0a40f8ad18c52df232702c214","/fa-solid-900.3eae9857c06e9372.woff2":"d543125448aa8ce17082a25f6ab20d4b8a26299a23bf7f5dbd3c8f496661267c","/fa-solid-900.0b5caff7ad4bc179.ttf":"d501641f355ae9f88f998e02800b633507d07a5a9ba9c499a08d5437c1d7795e","/assets/icons/font-awesome-old/fonts/fontawesome-webfont3e6e.svg":"72788c8f2ba3dead1cf7aba67588f08135d033fd42e4172cd4dad553cd980810","/assets/CSS/icofont/fonts/icofont.woff2":"dfffb24ccb4b1ebf3ff21d5f370728aba84163b90774afe82be16d990c04ac8a","/assets/icons/flaticon/Flaticon.svg":"40733feb8bbf8f47ae8bd97ae61d14fc35a93b9d566aa1c8069a8c6feeb8bf28","/assets/CSS/icofont/fonts/icofont.woff":"62765bc219b148220c9ed1aebfad5cea4e3a2a9651aa63c10b6655fa6d62187e","/assets/CSS/icofont/fonts/icofont.eot":"eb0e1200273f113dc5fbbd744277f7383cc39f472e811f0a0199e9d3981c8db9","/assets/CSS/icofont/fonts/icofont.ttf":"e839e3b23f65b240d3fdf58b08db85d1f22252fafe162d204c953d7b2d3a66a9","/assets/img/login.jpg":"9cfe30e50378d95b00f7eedea9d0fb5d44e646c5f3fb807ff4ce8ffe5438c422","/assets/CSS/icofont/fonts/icofont.svg":"aace3a8f0ef61f6a9a4a9cd0ba66e06a0e80bf9816d6b695c0939096b00a18ac"}}
[debug] [2023-05-11T21:40:14.199Z] <<< [apiv2][status] POST https://firebasehosting.googleapis.com/v1beta1/projects/1027843654265/sites/webappthebetters/versions/cf80e89493f9afab:populateFiles 200
[debug] [2023-05-11T21:40:14.199Z] <<< [apiv2][body] POST https://firebasehosting.googleapis.com/v1beta1/projects/1027843654265/sites/webappthebetters/versions/cf80e89493f9afab:populateFiles {"uploadRequiredHashes":["c50b3b85d38421f32e6188811d705ffacfb983bc989b64d932629d2a12cf203c","63cefef959997156fb959753a0d8437449b801c0a40f8ad18c52df232702c214"],"uploadUrl":"https://upload-firebasehosting.googleapis.com/upload/sites/webappthebetters/versions/cf80e89493f9afab/files"}
[debug] [2023-05-11T21:40:14.200Z] >>> [apiv2][query] POST https://upload-firebasehosting.googleapis.com/upload/sites/webappthebetters/versions/cf80e89493f9afab/files/c50b3b85d38421f32e6188811d705ffacfb983bc989b64d932629d2a12cf203c [none]
[debug] [2023-05-11T21:40:14.201Z] >>> [apiv2][body] POST https://upload-firebasehosting.googleapis.com/upload/sites/webappthebetters/versions/cf80e89493f9afab/files/c50b3b85d38421f32e6188811d705ffacfb983bc989b64d932629d2a12cf203c [stream]
[debug] [2023-05-11T21:40:14.204Z] >>> [apiv2][query] POST https://upload-firebasehosting.googleapis.com/upload/sites/webappthebetters/versions/cf80e89493f9afab/files/63cefef959997156fb959753a0d8437449b801c0a40f8ad18c52df232702c214 [none]
[debug] [2023-05-11T21:40:14.205Z] >>> [apiv2][body] POST https://upload-firebasehosting.googleapis.com/upload/sites/webappthebetters/versions/cf80e89493f9afab/files/63cefef959997156fb959753a0d8437449b801c0a40f8ad18c52df232702c214 [stream]
[debug] [2023-05-11T21:40:14.207Z] [hosting][populate queue][FINAL] {"max":10485,"min":10485,"avg":10485,"active":0,"complete":1,"success":1,"errored":0,"retried":0,"total":1,"elapsed":10492}
[debug] [2023-05-11T21:40:14.207Z] [hosting] uploads queued: 2
[debug] [2023-05-11T21:40:19.908Z] <<< [apiv2][status] POST https://upload-firebasehosting.googleapis.com/upload/sites/webappthebetters/versions/cf80e89493f9afab/files/63cefef959997156fb959753a0d8437449b801c0a40f8ad18c52df232702c214 200
[debug] [2023-05-11T21:40:19.909Z] <<< [apiv2][body] POST https://upload-firebasehosting.googleapis.com/upload/sites/webappthebetters/versions/cf80e89493f9afab/files/63cefef959997156fb959753a0d8437449b801c0a40f8ad18c52df232702c214 [stream]
[debug] [2023-05-11T21:40:24.811Z] <<< [apiv2][status] POST https://upload-firebasehosting.googleapis.com/upload/sites/webappthebetters/versions/cf80e89493f9afab/files/c50b3b85d38421f32e6188811d705ffacfb983bc989b64d932629d2a12cf203c 200
[debug] [2023-05-11T21:40:24.812Z] <<< [apiv2][body] POST https://upload-firebasehosting.googleapis.com/upload/sites/webappthebetters/versions/cf80e89493f9afab/files/c50b3b85d38421f32e6188811d705ffacfb983bc989b64d932629d2a12cf203c [stream]
[debug] [2023-05-11T21:40:24.812Z] [hosting][upload queue][FINAL] {"max":10613,"min":5709,"avg":8161,"active":0,"complete":2,"success":2,"errored":0,"retried":0,"total":2,"elapsed":10613}
[info] ✔  hosting[webappthebetters]: file upload complete 
[debug] [2023-05-11T21:40:24.812Z] [hosting] deploy completed after 21501ms
[debug] [2023-05-11T21:40:24.814Z] [
  {
    "config": {
      "public": "dist/webapp-the-betters",
      "ignore": [
        "firebase.json",
        "**/.*",
        "**/node_modules/**"
      ],
      "rewrites": [
        {
          "source": "**",
          "destination": "/index.html"
        }
      ],
      "site": "webappthebetters"
    },
    "version": "projects/1027843654265/sites/webappthebetters/versions/cf80e89493f9afab"
  }
]
[info] i  hosting[webappthebetters]: finalizing version... 
[debug] [2023-05-11T21:40:24.816Z] >>> [apiv2][query] PATCH https://firebasehosting.googleapis.com/v1beta1/projects/-/sites/webappthebetters/versions/cf80e89493f9afab updateMask=status%2Cconfig
[debug] [2023-05-11T21:40:24.816Z] >>> [apiv2][body] PATCH https://firebasehosting.googleapis.com/v1beta1/projects/-/sites/webappthebetters/versions/cf80e89493f9afab {"status":"FINALIZED","config":{"rewrites":[{"glob":"**","path":"/index.html"}]}}
[debug] [2023-05-11T21:40:25.277Z] <<< [apiv2][status] PATCH https://firebasehosting.googleapis.com/v1beta1/projects/-/sites/webappthebetters/versions/cf80e89493f9afab 200
[debug] [2023-05-11T21:40:25.277Z] <<< [apiv2][body] PATCH https://firebasehosting.googleapis.com/v1beta1/projects/-/sites/webappthebetters/versions/cf80e89493f9afab {"name":"projects/1027843654265/sites/webappthebetters/versions/cf80e89493f9afab","status":"FINALIZED","config":{"rewrites":[{"glob":"**","path":"/index.html"}]},"labels":{"deployment-tool":"cli-firebase"},"createTime":"2023-05-11T21:39:51.548375Z","createUser":{"email":"LuisFaustinoMarcos@gmail.com"},"finalizeTime":"2023-05-11T21:40:13.730666Z","finalizeUser":{"email":"LuisFaustinoMarcos@gmail.com"}}
[debug] [2023-05-11T21:40:25.277Z] [hosting] finalized version for webappthebetters:[object Object]
[info] ✔  hosting[webappthebetters]: version finalized 
[info] i  hosting[webappthebetters]: releasing new version... 
[debug] [2023-05-11T21:40:25.279Z] >>> [apiv2][query] POST https://firebasehosting.googleapis.com/v1beta1/projects/-/sites/webappthebetters/channels/live/releases versionName=projects%2F1027843654265%2Fsites%2Fwebappthebetters%2Fversions%2Fcf80e89493f9afab
[debug] [2023-05-11T21:40:25.279Z] >>> [apiv2][body] POST https://firebasehosting.googleapis.com/v1beta1/projects/-/sites/webappthebetters/channels/live/releases {}
[debug] [2023-05-11T21:40:25.711Z] <<< [apiv2][status] POST https://firebasehosting.googleapis.com/v1beta1/projects/-/sites/webappthebetters/channels/live/releases 200
[debug] [2023-05-11T21:40:25.712Z] <<< [apiv2][body] POST https://firebasehosting.googleapis.com/v1beta1/projects/-/sites/webappthebetters/channels/live/releases {"name":"projects/1027843654265/sites/webappthebetters/channels/live/releases/1683841213570000","version":{"name":"projects/1027843654265/sites/webappthebetters/versions/cf80e89493f9afab","status":"FINALIZED","config":{"rewrites":[{"glob":"**","path":"/index.html"}]},"labels":{"deployment-tool":"cli-firebase"},"createTime":"2023-05-11T21:39:51.548375Z","createUser":{"email":"LuisFaustinoMarcos@gmail.com","imageUrl":"https://lh3.googleusercontent.com/a/AGNmyxYaGHUtM3JoEQvDN3blq5tiaWedOGmh-4SF7loNgg=mo"},"finalizeTime":"2023-05-11T21:40:13.730666Z","finalizeUser":{"email":"LuisFaustinoMarcos@gmail.com","imageUrl":"https://lh3.googleusercontent.com/a/AGNmyxYaGHUtM3JoEQvDN3blq5tiaWedOGmh-4SF7loNgg=mo"}},"type":"DEPLOY","releaseTime":"2023-05-11T21:40:13.570Z","releaseUser":{"email":"LuisFaustinoMarcos@gmail.com","imageUrl":"https://lh3.googleusercontent.com/a/AGNmyxYaGHUtM3JoEQvDN3blq5tiaWedOGmh-4SF7loNgg=mo"}}
[debug] [2023-05-11T21:40:25.712Z] [hosting] release: {"name":"projects/1027843654265/sites/webappthebetters/channels/live/releases/1683841213570000","version":{"name":"projects/1027843654265/sites/webappthebetters/versions/cf80e89493f9afab","status":"FINALIZED","config":{"rewrites":[{"glob":"**","path":"/index.html"}]},"labels":{"deployment-tool":"cli-firebase"},"createTime":"2023-05-11T21:39:51.548375Z","createUser":{"email":"LuisFaustinoMarcos@gmail.com","imageUrl":"https://lh3.googleusercontent.com/a/AGNmyxYaGHUtM3JoEQvDN3blq5tiaWedOGmh-4SF7loNgg=mo"},"finalizeTime":"2023-05-11T21:40:13.730666Z","finalizeUser":{"email":"LuisFaustinoMarcos@gmail.com","imageUrl":"https://lh3.googleusercontent.com/a/AGNmyxYaGHUtM3JoEQvDN3blq5tiaWedOGmh-4SF7loNgg=mo"}},"type":"DEPLOY","releaseTime":"2023-05-11T21:40:13.570Z","releaseUser":{"email":"LuisFaustinoMarcos@gmail.com","imageUrl":"https://lh3.googleusercontent.com/a/AGNmyxYaGHUtM3JoEQvDN3blq5tiaWedOGmh-4SF7loNgg=mo"}}
[info] ✔  hosting[webappthebetters]: release complete 
[info] 
[info] ✔  Deploy complete! 
[info] 
[info] Project Console: https://console.firebase.google.com/project/webappthebetters/overview
[info] Hosting URL: https://webappthebetters.web.app
[debug] [2023-05-11T21:40:40.829Z] Error: Timed out.
    at Timeout._onTimeout (/usr/local/lib/node_modules/firebase-tools/lib/utils.js:253:49)
    at listOnTimeout (node:internal/timers:569:17)
    at process.processTimers (node:internal/timers:512:7)
[error] 
[error] Error: An unexpected error has occurred.
[debug] [2023-05-11T21:45:27.075Z] ----------------------------------------------------------------------
[debug] [2023-05-11T21:45:27.076Z] Command:       /usr/local/bin/node /usr/local/bin/firebase deploy
[debug] [2023-05-11T21:45:27.076Z] CLI Version:   12.0.0
[debug] [2023-05-11T21:45:27.077Z] Platform:      linux
[debug] [2023-05-11T21:45:27.077Z] Node Version:  v18.15.0
[debug] [2023-05-11T21:45:27.077Z] Time:          Thu May 11 2023 15:45:27 GMT-0600 (hora estándar central)
[debug] [2023-05-11T21:45:27.077Z] ----------------------------------------------------------------------
[debug] 
[debug] [2023-05-11T21:45:27.124Z] > command requires scopes: ["email","openid","https://www.googleapis.com/auth/cloudplatformprojects.readonly","https://www.googleapis.com/auth/firebase","https://www.googleapis.com/auth/cloud-platform"]
[debug] [2023-05-11T21:45:27.124Z] > authorizing via signed-in user (luisfaustinomarcos@gmail.com)
[debug] [2023-05-11T21:45:27.124Z] [iam] checking project webappthebetters for permissions ["firebase.projects.get","firebasehosting.sites.update"]
[debug] [2023-05-11T21:45:27.126Z] >>> [apiv2][query] POST https://cloudresourcemanager.googleapis.com/v1/projects/webappthebetters:testIamPermissions [none]
[debug] [2023-05-11T21:45:27.126Z] >>> [apiv2][(partial)header] POST https://cloudresourcemanager.googleapis.com/v1/projects/webappthebetters:testIamPermissions x-goog-quota-user=projects/webappthebetters
[debug] [2023-05-11T21:45:27.126Z] >>> [apiv2][body] POST https://cloudresourcemanager.googleapis.com/v1/projects/webappthebetters:testIamPermissions {"permissions":["firebase.projects.get","firebasehosting.sites.update"]}
[debug] [2023-05-11T21:45:42.457Z] <<< [apiv2][status] POST https://cloudresourcemanager.googleapis.com/v1/projects/webappthebetters:testIamPermissions 200
[debug] [2023-05-11T21:45:42.458Z] <<< [apiv2][body] POST https://cloudresourcemanager.googleapis.com/v1/projects/webappthebetters:testIamPermissions {"permissions":["firebase.projects.get","firebasehosting.sites.update"]}
[debug] [2023-05-11T21:45:42.460Z] >>> [apiv2][query] GET https://firebase.googleapis.com/v1beta1/projects/webappthebetters [none]
[debug] [2023-05-11T21:46:02.706Z] <<< [apiv2][status] GET https://firebase.googleapis.com/v1beta1/projects/webappthebetters 200
[debug] [2023-05-11T21:46:02.707Z] <<< [apiv2][body] GET https://firebase.googleapis.com/v1beta1/projects/webappthebetters {"projectId":"webappthebetters","projectNumber":"1027843654265","displayName":"WebAppTheBetters","name":"projects/webappthebetters","resources":{"hostingSite":"webappthebetters"},"state":"ACTIVE","etag":"1_30118020-01c1-4602-bbcd-353f82c183bb"}
[info] 
[info] === Deploying to 'webappthebetters'...
[info] 
[info] i  deploying hosting 
[debug] [2023-05-11T21:46:02.719Z] >>> [apiv2][query] POST https://firebasehosting.googleapis.com/v1beta1/projects/-/sites/webappthebetters/versions [none]
[debug] [2023-05-11T21:46:02.719Z] >>> [apiv2][body] POST https://firebasehosting.googleapis.com/v1beta1/projects/-/sites/webappthebetters/versions {"status":"CREATED","labels":{"deployment-tool":"cli-firebase"}}
[debug] [2023-05-11T21:46:23.316Z] <<< [apiv2][status] POST https://firebasehosting.googleapis.com/v1beta1/projects/-/sites/webappthebetters/versions 200
[debug] [2023-05-11T21:46:23.317Z] <<< [apiv2][body] POST https://firebasehosting.googleapis.com/v1beta1/projects/-/sites/webappthebetters/versions {"name":"projects/1027843654265/sites/webappthebetters/versions/240e9ed9300b2af5","status":"CREATED","config":{},"labels":{"deployment-tool":"cli-firebase"}}
[info] i  hosting[webappthebetters]: beginning deploy... 
[info] i  hosting[webappthebetters]: found 69 files in dist/webapp-the-betters 
[debug] [2023-05-11T21:46:23.345Z] [hosting] uploading with 200 concurrency
[debug] [2023-05-11T21:46:23.708Z] [hosting] hash cache [ZGlzdC93ZWJhcHAtdGhlLWJldHRlcnM] stored for 69 files
[debug] [2023-05-11T21:46:23.708Z] [hosting][hash queue][FINAL] {"max":357,"min":20,"avg":60.98550724637681,"active":0,"complete":69,"success":69,"errored":0,"retried":0,"total":69,"elapsed":361}
[debug] [2023-05-11T21:46:23.708Z] >>> [apiv2][query] POST https://firebasehosting.googleapis.com/v1beta1/projects/1027843654265/sites/webappthebetters/versions/240e9ed9300b2af5:populateFiles [none]
[debug] [2023-05-11T21:46:23.708Z] >>> [apiv2][body] POST https://firebasehosting.googleapis.com/v1beta1/projects/1027843654265/sites/webappthebetters/versions/240e9ed9300b2af5:populateFiles {"files":{"/3rdpartylicenses.txt":"946e964c8b4f00a281b284913d29187e86828eb2646309ab9b22e873f4727ef2","/fa-v4compatibility.6209cf0172d95b0e.woff2":"341b7f0b949d251365230b6ea6ac5d3bbc1e658ad2ae0e0039f267a4b90d8f36","/fa-v4compatibility.92dce52f885fd838.ttf":"9cf0a72383ee473e5eca3a8149324f513f4d3b014e08a6747f3682b63fb1a8de","/favicon.ico":"5ba04cf43d3c8c026bd5edd43046db96acb28b5686d99ea7d7e148feabfffc8f","/index.html":"feecccf4a01bc4314c663483905accb5bbbe79f059f0cd9b0fb935669b77f0dd","/runtime.745777ef9cb506b3.js":"3acb637747cb9ebf83582e396c08fbff4457754f7766e8ff45268413beee61f4","/x.39f40ec10c8e67e0.svg":"e4371c4045bba8177a9573114ee5087d74cedbc0bb03c151f94dd8d0c02f3c4e","/polyfills.e58d8db8df523613.js":"175c788fc4552b11f9b24b9fe4fce92b4e4c43b13c9bd1caff757fb0d8bd7b88","/assets/CSS/amaran/amaran.css":"c203c30c8522095de02439e37a573369160ca811d01da9abe1133626d31a321a","/assets/CSS/amaran/animate.css":"eb6bb1e6968070b28e0a5947e55c2892f97568e88e4bbd415f84bc633f866538","/assets/JS/amaran/acciones.js":"fac032caeabfbfa0d6bcb38898664d68e8addfed3c8b56468f5b1a710a3582de","/assets/JS/Global.js":"cdf8503435587bb27f6072a5d52e2d0fbf5e5c8ffaea67fd8d233bf038a8dbd0","/assets/JS/amaran/amaran.js":"34d43f7b506b3c7858c497a86ae3d4ffe0e0fa457fa0cfa3b0fcadeb2155d114","/assets/icons/flaticon/flaticon.css":"39dc5dc82d63aae125d748f23d520426091832cc7d3b107fd26b03a20dbb8cb0","/assets/icons/flaticon/_flaticon.scss":"b777f94900cf58c99fe8b1f6b5ffb2cc3be31b36cbfe80fb86afa6084708d449","/assets/icons/font-awesome-old/css/font-awesome.min.css":"1eefc487d46f2a6759568660368892fd60c7be0434236380e6ab1c058bb85d27","/assets/icons/iconos/Calendar.svg":"a71e067f92e8e5b5c0d7bde6fbf59279364c210a60be00ddf4f68b07896d5c8c","/assets/icons/iconos/Profile.svg":"f89d366619181a045134dd465350209b2d461ced5ca43f71c1269f5006c3d6ff","/assets/icons/iconos/admiracion.svg":"d181e420031918119a2ffe33207eeef6de5bf3a78b9d936ed7f9c3af171052f5","/assets/icons/iconos/arrow-2.svg":"b3c7741595ab9dccf10f1bece1798ed9bf5e63c4a69df6fd5787e82508a5f359","/assets/icons/iconos/check-error.svg":"100f9e8e67368fe243d5dae584d91e833a2252df8fe156ec7797fd7657be6f41","/assets/icons/iconos/back.svg":"43880f9bacc2a79e467904c7debcee17dfaecbf0e47faa469921b217fb47a4fa","/fa-regular-400.02ad4ff91ef84f65.woff2":"43982b000f97aad4d5bdd6e68e76ee7d313ba3835ca4d5d75f33bc81e706a65f","/fa-regular-400.570a165b064c1468.ttf":"70477cfd39603d059d0b456a6a55ce0e0cb06d0b5574394baa67481afb7580b3","/assets/CSS/icofont/icofont.min.css":"f8484a57845048ed2d5f97bcd784117ffa3f1f1c3988d7c0199b661ae038938c","/assets/CSS/icofont/icofont.css":"66a75bef1e1a6f6e130bbb9912b6a995a3b9a571d8e0b8886d5924b35c8d1046","/assets/icons/flaticon/flaticon.html":"0ce3319406f9f1f79ba773d609f9d41b4902dc31c32022a197fc372a57f5b438","/assets/icons/flaticon/Flaticon.woff":"e63f1064a149a6de85518f935f7e4e04da9587d1d58094f135e4321141a5424e","/assets/icons/iconos/check-mark.png":"98ac84f8c44da6d5028336ce1c38fed249c9a359375604f8eba37ca0c5f1028a","/assets/icons/iconos/check.svg":"a28ad5849eaebb9efbfc10d945b69b19761e36f01b66c196647faa4f00ed8d55","/assets/icons/iconos/circuloInfo.svg":"6e034d95a2fb8874eaab622849b43821b9738baa77c5819762ca22eca24249e6","/assets/icons/iconos/credit-card.png":"5149d906d75ac510e39fce3d339584e1839c592515e2a3956b56c3411fb9b306","/assets/icons/iconos/error.svg":"05546494606694e8b5bb9db67a8a41ffcbcdb33e8890d8fd0f61fa9c02d95b09","/assets/icons/iconos/lock.svg":"433d7f26da9db54da3c12fa725f00bb1839e0464f6d41fa8915e3b45e94cf7f0","/assets/icons/iconos/phones.svg":"e86265de4dbd7dc9f976ece8bf7cf9ee675f7a833e3751c3debc5680c5703cb9","/assets/icons/iconos/plus.svg":"cf4abcc2113d4075c58e97b5c6cd4564444a533790229cf5d63014b5141cce2f","/assets/icons/iconos/finish.svg":"a768b297b5b44912d9ca7c204ede5674a7d94ff971cd953d0018a7854e7a9747","/assets/icons/iconos/quest.svg":"d666a9f107c54c9159d7031ef2e2e915132957c804f6cfa6740e4c0bffc7e59b","/assets/icons/iconos/select.svg":"258f66a55da803d016d827fc76348e0b76ce4ec1b898fa449da71fe5ec24419f","/assets/icons/iconos/sheild-solid.svg":"dc0b954985944b2441e3c0ca5ad8cfa97b9084fb04f905c2364e9fcd71c74795","/assets/icons/iconos/sheild.svg":"90237d8386907510eadf7cfca61ecd3a103978627a0c699babba1f5549a92ee3","/assets/icons/iconos/signo.png":"da8bd048b3370e7486bdaf8e193e3f3109bd6f3565a99675e54c67e3b11e6d65","/assets/icons/iconos/x.svg":"e4371c4045bba8177a9573114ee5087d74cedbc0bb03c151f94dd8d0c02f3c4e","/assets/img/adept-technology.svg":"ad36bb049041b898ee48a9baf045e9f95b8ceaa4a0e3dfdc0bca068c49468939","/assets/img/icon-logo.png":"7c9bfe123aa48a84736b6fe516d589b3f6283e6f4ab67402323ae6fe77959739","/assets/icons/flaticon/Flaticon.eot":"97e23e9e9e39fdf2a650422ddd4fc39638463211d7443e81f239dd6aa72922ff","/assets/icons/flaticon/Flaticon.ttf":"5b2a820baeb009d131f2273d4c145a59843863db171cea3993f10fad3c7d3126","/assets/img/ICON-LOGO-BETTER.png":"cbfad11b7f35324518f3546af20fb55223a614469397bd062c942155b50368eb","/assets/icons/font-awesome-old/fonts/fontawesome-webfont3e6e.woff2":"75408058f6c8f9bfcc2e90568ed90df3f6fb09b3c3ee1a8303a4afd3ac0bc921","/assets/CSS/icofont/demo.html":"5f5c65cb8436e02f2c7ab7f2a104ff8a444367f1e22078a309c3f8f7d9a30812","/assets/icons/font-awesome-old/fonts/fontawesome-webfont3e6e.woff":"4eef8bd2ec905087d7b4ac221dfd85d36d8c1f05d8de2915ecf4351dde4b701e","/fa-brands-400.9210030c21e68a90.woff2":"6d56682ec75632f55f2808d57a32a80367bf75941707bdd5dd9c1c9f81ce3aed","/assets/icons/font-awesome-old/fonts/fontawesome-webfont3e6e.eot":"57bf392fce6fab9ad8d0c1c3a92fdcdf61bda7959c467ebdbf9d3b4dcd9b8080","/assets/icons/font-awesome-old/fonts/fontawesome-webfont3e6e.ttf":"64aa5f058bdf4b13431435cc4e8efb81c8ffd4db066748fd0cc824a57fba74de","/styles.f360b76fb1af7dc0.css":"8af3146a552bc312dd731a69722ffc90870430d48d9f2e8e931e1e545337cbba","/assets/icons/font-awesome-old/fonts/fontawesome-webfontd41d.eot":"57bf392fce6fab9ad8d0c1c3a92fdcdf61bda7959c467ebdbf9d3b4dcd9b8080","/fa-brands-400.5f7c5bb77eae788b.ttf":"803fcce55717d1b3c461ebaef43b91d55352586de33d724e4ee1145bc99db9e8","/scripts.f9a51fd7e0923126.js":"1f15c64f34ce0c9046e08aaf12b1299f05a9d8d776fdd4065dcc3e178f574dcf","/main.7da3e7d7681fa109.js":"5eb094890ad7beee2a7a90969f0f4071ccbcfb7a24562f29c9b7522e18285794","/fa-solid-900.3eae9857c06e9372.woff2":"d543125448aa8ce17082a25f6ab20d4b8a26299a23bf7f5dbd3c8f496661267c","/fa-solid-900.0b5caff7ad4bc179.ttf":"d501641f355ae9f88f998e02800b633507d07a5a9ba9c499a08d5437c1d7795e","/assets/icons/font-awesome-old/fonts/fontawesome-webfont3e6e.svg":"72788c8f2ba3dead1cf7aba67588f08135d033fd42e4172cd4dad553cd980810","/assets/CSS/icofont/fonts/icofont.woff2":"dfffb24ccb4b1ebf3ff21d5f370728aba84163b90774afe82be16d990c04ac8a","/assets/CSS/icofont/fonts/icofont.woff":"62765bc219b148220c9ed1aebfad5cea4e3a2a9651aa63c10b6655fa6d62187e","/assets/icons/flaticon/Flaticon.svg":"40733feb8bbf8f47ae8bd97ae61d14fc35a93b9d566aa1c8069a8c6feeb8bf28","/assets/CSS/icofont/fonts/icofont.eot":"eb0e1200273f113dc5fbbd744277f7383cc39f472e811f0a0199e9d3981c8db9","/assets/CSS/icofont/fonts/icofont.ttf":"e839e3b23f65b240d3fdf58b08db85d1f22252fafe162d204c953d7b2d3a66a9","/assets/img/login.jpg":"9cfe30e50378d95b00f7eedea9d0fb5d44e646c5f3fb807ff4ce8ffe5438c422","/assets/CSS/icofont/fonts/icofont.svg":"aace3a8f0ef61f6a9a4a9cd0ba66e06a0e80bf9816d6b695c0939096b00a18ac"}}
[debug] [2023-05-11T21:46:34.035Z] <<< [apiv2][status] POST https://firebasehosting.googleapis.com/v1beta1/projects/1027843654265/sites/webappthebetters/versions/240e9ed9300b2af5:populateFiles 200
[debug] [2023-05-11T21:46:34.035Z] <<< [apiv2][body] POST https://firebasehosting.googleapis.com/v1beta1/projects/1027843654265/sites/webappthebetters/versions/240e9ed9300b2af5:populateFiles {"uploadRequiredHashes":["feecccf4a01bc4314c663483905accb5bbbe79f059f0cd9b0fb935669b77f0dd","5eb094890ad7beee2a7a90969f0f4071ccbcfb7a24562f29c9b7522e18285794"],"uploadUrl":"https://upload-firebasehosting.googleapis.com/upload/sites/webappthebetters/versions/240e9ed9300b2af5/files"}
[debug] [2023-05-11T21:46:34.037Z] >>> [apiv2][query] POST https://upload-firebasehosting.googleapis.com/upload/sites/webappthebetters/versions/240e9ed9300b2af5/files/feecccf4a01bc4314c663483905accb5bbbe79f059f0cd9b0fb935669b77f0dd [none]
[debug] [2023-05-11T21:46:34.038Z] >>> [apiv2][body] POST https://upload-firebasehosting.googleapis.com/upload/sites/webappthebetters/versions/240e9ed9300b2af5/files/feecccf4a01bc4314c663483905accb5bbbe79f059f0cd9b0fb935669b77f0dd [stream]
[debug] [2023-05-11T21:46:34.040Z] >>> [apiv2][query] POST https://upload-firebasehosting.googleapis.com/upload/sites/webappthebetters/versions/240e9ed9300b2af5/files/5eb094890ad7beee2a7a90969f0f4071ccbcfb7a24562f29c9b7522e18285794 [none]
[debug] [2023-05-11T21:46:34.041Z] >>> [apiv2][body] POST https://upload-firebasehosting.googleapis.com/upload/sites/webappthebetters/versions/240e9ed9300b2af5/files/5eb094890ad7beee2a7a90969f0f4071ccbcfb7a24562f29c9b7522e18285794 [stream]
[debug] [2023-05-11T21:46:34.042Z] [hosting][populate queue][FINAL] {"max":10330,"min":10330,"avg":10330,"active":0,"complete":1,"success":1,"errored":0,"retried":0,"total":1,"elapsed":10335}
[debug] [2023-05-11T21:46:34.043Z] [hosting] uploads queued: 2
[debug] [2023-05-11T21:46:39.533Z] <<< [apiv2][status] POST https://upload-firebasehosting.googleapis.com/upload/sites/webappthebetters/versions/240e9ed9300b2af5/files/feecccf4a01bc4314c663483905accb5bbbe79f059f0cd9b0fb935669b77f0dd 200
[debug] [2023-05-11T21:46:39.533Z] <<< [apiv2][body] POST https://upload-firebasehosting.googleapis.com/upload/sites/webappthebetters/versions/240e9ed9300b2af5/files/feecccf4a01bc4314c663483905accb5bbbe79f059f0cd9b0fb935669b77f0dd [stream]
[debug] [2023-05-11T21:46:39.677Z] <<< [apiv2][status] POST https://upload-firebasehosting.googleapis.com/upload/sites/webappthebetters/versions/240e9ed9300b2af5/files/5eb094890ad7beee2a7a90969f0f4071ccbcfb7a24562f29c9b7522e18285794 200
[debug] [2023-05-11T21:46:39.677Z] <<< [apiv2][body] POST https://upload-firebasehosting.googleapis.com/upload/sites/webappthebetters/versions/240e9ed9300b2af5/files/5eb094890ad7beee2a7a90969f0f4071ccbcfb7a24562f29c9b7522e18285794 [stream]
[debug] [2023-05-11T21:46:39.677Z] [hosting][upload queue][FINAL] {"max":5640,"min":5498,"avg":5569,"active":0,"complete":2,"success":2,"errored":0,"retried":0,"total":2,"elapsed":5642}
[info] ✔  hosting[webappthebetters]: file upload complete 
[debug] [2023-05-11T21:46:39.679Z] [hosting] deploy completed after 16359ms
[debug] [2023-05-11T21:46:39.683Z] [
  {
    "config": {
      "public": "dist/webapp-the-betters",
      "ignore": [
        "firebase.json",
        "**/.*",
        "**/node_modules/**"
      ],
      "rewrites": [
        {
          "source": "**",
          "destination": "/index.html"
        }
      ],
      "site": "webappthebetters"
    },
    "version": "projects/1027843654265/sites/webappthebetters/versions/240e9ed9300b2af5"
  }
]
[info] i  hosting[webappthebetters]: finalizing version... 
[debug] [2023-05-11T21:46:39.686Z] >>> [apiv2][query] PATCH https://firebasehosting.googleapis.com/v1beta1/projects/-/sites/webappthebetters/versions/240e9ed9300b2af5 updateMask=status%2Cconfig
[debug] [2023-05-11T21:46:39.687Z] >>> [apiv2][body] PATCH https://firebasehosting.googleapis.com/v1beta1/projects/-/sites/webappthebetters/versions/240e9ed9300b2af5 {"status":"FINALIZED","config":{"rewrites":[{"glob":"**","path":"/index.html"}]}}
[debug] [2023-05-11T21:46:45.836Z] <<< [apiv2][status] PATCH https://firebasehosting.googleapis.com/v1beta1/projects/-/sites/webappthebetters/versions/240e9ed9300b2af5 200
[debug] [2023-05-11T21:46:45.837Z] <<< [apiv2][body] PATCH https://firebasehosting.googleapis.com/v1beta1/projects/-/sites/webappthebetters/versions/240e9ed9300b2af5 {"name":"projects/1027843654265/sites/webappthebetters/versions/240e9ed9300b2af5","status":"FINALIZED","config":{"rewrites":[{"glob":"**","path":"/index.html"}]},"labels":{"deployment-tool":"cli-firebase"},"createTime":"2023-05-11T21:46:11.535736Z","createUser":{"email":"LuisFaustinoMarcos@gmail.com"},"finalizeTime":"2023-05-11T21:46:34.288686Z","finalizeUser":{"email":"LuisFaustinoMarcos@gmail.com"}}
[debug] [2023-05-11T21:46:45.837Z] [hosting] finalized version for webappthebetters:[object Object]
[info] ✔  hosting[webappthebetters]: version finalized 
[info] i  hosting[webappthebetters]: releasing new version... 
[debug] [2023-05-11T21:46:45.838Z] >>> [apiv2][query] POST https://firebasehosting.googleapis.com/v1beta1/projects/-/sites/webappthebetters/channels/live/releases versionName=projects%2F1027843654265%2Fsites%2Fwebappthebetters%2Fversions%2F240e9ed9300b2af5
[debug] [2023-05-11T21:46:45.838Z] >>> [apiv2][body] POST https://firebasehosting.googleapis.com/v1beta1/projects/-/sites/webappthebetters/channels/live/releases {}
[debug] [2023-05-11T21:46:51.251Z] <<< [apiv2][status] POST https://firebasehosting.googleapis.com/v1beta1/projects/-/sites/webappthebetters/channels/live/releases 200
[debug] [2023-05-11T21:46:51.251Z] <<< [apiv2][body] POST https://firebasehosting.googleapis.com/v1beta1/projects/-/sites/webappthebetters/channels/live/releases {"name":"projects/1027843654265/sites/webappthebetters/channels/live/releases/1683841599128000","version":{"name":"projects/1027843654265/sites/webappthebetters/versions/240e9ed9300b2af5","status":"FINALIZED","config":{"rewrites":[{"glob":"**","path":"/index.html"}]},"labels":{"deployment-tool":"cli-firebase"},"createTime":"2023-05-11T21:46:11.535736Z","createUser":{"email":"LuisFaustinoMarcos@gmail.com","imageUrl":"https://lh3.googleusercontent.com/a/AGNmyxYaGHUtM3JoEQvDN3blq5tiaWedOGmh-4SF7loNgg=mo"},"finalizeTime":"2023-05-11T21:46:34.288686Z","finalizeUser":{"email":"LuisFaustinoMarcos@gmail.com","imageUrl":"https://lh3.googleusercontent.com/a/AGNmyxYaGHUtM3JoEQvDN3blq5tiaWedOGmh-4SF7loNgg=mo"}},"type":"DEPLOY","releaseTime":"2023-05-11T21:46:39.128Z","releaseUser":{"email":"LuisFaustinoMarcos@gmail.com","imageUrl":"https://lh3.googleusercontent.com/a/AGNmyxYaGHUtM3JoEQvDN3blq5tiaWedOGmh-4SF7loNgg=mo"}}
[debug] [2023-05-11T21:46:51.251Z] [hosting] release: {"name":"projects/1027843654265/sites/webappthebetters/channels/live/releases/1683841599128000","version":{"name":"projects/1027843654265/sites/webappthebetters/versions/240e9ed9300b2af5","status":"FINALIZED","config":{"rewrites":[{"glob":"**","path":"/index.html"}]},"labels":{"deployment-tool":"cli-firebase"},"createTime":"2023-05-11T21:46:11.535736Z","createUser":{"email":"LuisFaustinoMarcos@gmail.com","imageUrl":"https://lh3.googleusercontent.com/a/AGNmyxYaGHUtM3JoEQvDN3blq5tiaWedOGmh-4SF7loNgg=mo"},"finalizeTime":"2023-05-11T21:46:34.288686Z","finalizeUser":{"email":"LuisFaustinoMarcos@gmail.com","imageUrl":"https://lh3.googleusercontent.com/a/AGNmyxYaGHUtM3JoEQvDN3blq5tiaWedOGmh-4SF7loNgg=mo"}},"type":"DEPLOY","releaseTime":"2023-05-11T21:46:39.128Z","releaseUser":{"email":"LuisFaustinoMarcos@gmail.com","imageUrl":"https://lh3.googleusercontent.com/a/AGNmyxYaGHUtM3JoEQvDN3blq5tiaWedOGmh-4SF7loNgg=mo"}}
[info] ✔  hosting[webappthebetters]: release complete 
[info] 
[info] ✔  Deploy complete! 
[info] 
[info] Project Console: https://console.firebase.google.com/project/webappthebetters/overview
[info] Hosting URL: https://webappthebetters.web.app
[debug] [2023-05-11T21:47:11.371Z] Error: Timed out.
    at Timeout._onTimeout (/usr/local/lib/node_modules/firebase-tools/lib/utils.js:253:49)
    at listOnTimeout (node:internal/timers:569:17)
    at process.processTimers (node:internal/timers:512:7)
[error] 
[error] Error: An unexpected error has occurred.
